[E][17:33:08] The "chunk" argument must be one of type string or Buffer. Received type boolean
TypeError [ERR_INVALID_ARG_TYPE]: The "chunk" argument must be one of type string or Buffer. Received type boolean
    at validChunk (_stream_writable.js:258:10)
    at Gunzip.Writable.write (_stream_writable.js:292:21)
    at Gunzip.Writable.end (_stream_writable.js:579:10)
    at zlibBuffer (zlib.js:89:10)
    at asyncBufferWrapper (zlib.js:703:14)
    at Promise.apply (/Users/Houfeng/my/dev/dn-template-mota-hook/node_modules/q/q.js:1185:26)
    at Promise.promise.promiseDispatch (/Users/Houfeng/my/dev/dn-template-mota-hook/node_modules/q/q.js:808:41)
    at /Users/Houfeng/my/dev/dn-template-mota-hook/node_modules/q/q.js:1411:14
    at runSingle (/Users/Houfeng/my/dev/dn-template-mota-hook/node_modules/q/q.js:137:13)
    at flush (/Users/Houfeng/my/dev/dn-template-mota-hook/node_modules/q/q.js:125:13)
    at process._tickCallback (internal/process/next_tick.js:61:11)

[L][17:33:08] GET /index.html ::1 . text/html 200 "Mozilla/5.0 (Macintosh; Intel Mac OS X 10_14_0) AppleWebKit/537.36 (KHTML, like Gecko) Chrome/73.0.3683.75 Safari/537.36" 38ms #11144
[L][17:33:08] GET /css/index.css ::1 http://localhost:8001/ text/css 200 "Mozilla/5.0 (Macintosh; Intel Mac OS X 10_14_0) AppleWebKit/537.36 (KHTML, like Gecko) Chrome/73.0.3683.75 Safari/537.36" 10ms #11144
[L][17:33:08] GET /js/common.js ::1 http://localhost:8001/ application/x-javascript 200 "Mozilla/5.0 (Macintosh; Intel Mac OS X 10_14_0) AppleWebKit/537.36 (KHTML, like Gecko) Chrome/73.0.3683.75 Safari/537.36" 9ms #11144
[L][17:33:08] GET /js/index.js ::1 http://localhost:8001/ application/x-javascript 200 "Mozilla/5.0 (Macintosh; Intel Mac OS X 10_14_0) AppleWebKit/537.36 (KHTML, like Gecko) Chrome/73.0.3683.75 Safari/537.36" 76ms #11144
[E][17:34:52] The "chunk" argument must be one of type string or Buffer. Received type boolean
TypeError [ERR_INVALID_ARG_TYPE]: The "chunk" argument must be one of type string or Buffer. Received type boolean
    at validChunk (_stream_writable.js:258:10)
    at Gunzip.Writable.write (_stream_writable.js:292:21)
    at Gunzip.Writable.end (_stream_writable.js:579:10)
    at zlibBuffer (zlib.js:89:10)
    at asyncBufferWrapper (zlib.js:703:14)
    at Promise.apply (/Users/Houfeng/my/dev/dn-template-mota-hook/node_modules/q/q.js:1185:26)
    at Promise.promise.promiseDispatch (/Users/Houfeng/my/dev/dn-template-mota-hook/node_modules/q/q.js:808:41)
    at /Users/Houfeng/my/dev/dn-template-mota-hook/node_modules/q/q.js:1411:14
    at runSingle (/Users/Houfeng/my/dev/dn-template-mota-hook/node_modules/q/q.js:137:13)
    at flush (/Users/Houfeng/my/dev/dn-template-mota-hook/node_modules/q/q.js:125:13)
    at process._tickCallback (internal/process/next_tick.js:61:11)

[L][17:34:52] GET /index.html ::1 http://localhost:8001/ text/html 200 "Mozilla/5.0 (Macintosh; Intel Mac OS X 10_14_0) AppleWebKit/537.36 (KHTML, like Gecko) Chrome/73.0.3683.75 Safari/537.36" 9ms #11144
[L][17:34:52] GET /css/index.css ::1 http://localhost:8001/ text/css 200 "Mozilla/5.0 (Macintosh; Intel Mac OS X 10_14_0) AppleWebKit/537.36 (KHTML, like Gecko) Chrome/73.0.3683.75 Safari/537.36" 7ms #11144
[L][17:34:52] GET /js/common.js ::1 http://localhost:8001/ application/x-javascript 200 "Mozilla/5.0 (Macintosh; Intel Mac OS X 10_14_0) AppleWebKit/537.36 (KHTML, like Gecko) Chrome/73.0.3683.75 Safari/537.36" 7ms #11144
[L][17:34:52] GET /js/index.js ::1 http://localhost:8001/ application/x-javascript 200 "Mozilla/5.0 (Macintosh; Intel Mac OS X 10_14_0) AppleWebKit/537.36 (KHTML, like Gecko) Chrome/73.0.3683.75 Safari/537.36" 67ms #11144
[E][17:34:53] The "chunk" argument must be one of type string or Buffer. Received type boolean
TypeError [ERR_INVALID_ARG_TYPE]: The "chunk" argument must be one of type string or Buffer. Received type boolean
    at validChunk (_stream_writable.js:258:10)
    at Gunzip.Writable.write (_stream_writable.js:292:21)
    at Gunzip.Writable.end (_stream_writable.js:579:10)
    at zlibBuffer (zlib.js:89:10)
    at asyncBufferWrapper (zlib.js:703:14)
    at Promise.apply (/Users/Houfeng/my/dev/dn-template-mota-hook/node_modules/q/q.js:1185:26)
    at Promise.promise.promiseDispatch (/Users/Houfeng/my/dev/dn-template-mota-hook/node_modules/q/q.js:808:41)
    at /Users/Houfeng/my/dev/dn-template-mota-hook/node_modules/q/q.js:1411:14
    at runSingle (/Users/Houfeng/my/dev/dn-template-mota-hook/node_modules/q/q.js:137:13)
    at flush (/Users/Houfeng/my/dev/dn-template-mota-hook/node_modules/q/q.js:125:13)
    at process._tickCallback (internal/process/next_tick.js:61:11)

[L][17:34:53] GET /index.html ::1 http://localhost:8001/ text/html 200 "Mozilla/5.0 (Macintosh; Intel Mac OS X 10_14_0) AppleWebKit/537.36 (KHTML, like Gecko) Chrome/73.0.3683.75 Safari/537.36" 6ms #11144
[L][17:34:53] GET /js/common.js ::1 http://localhost:8001/ application/x-javascript 200 "Mozilla/5.0 (Macintosh; Intel Mac OS X 10_14_0) AppleWebKit/537.36 (KHTML, like Gecko) Chrome/73.0.3683.75 Safari/537.36" 5ms #11144
[L][17:34:53] GET /css/index.css ::1 http://localhost:8001/ text/css 200 "Mozilla/5.0 (Macintosh; Intel Mac OS X 10_14_0) AppleWebKit/537.36 (KHTML, like Gecko) Chrome/73.0.3683.75 Safari/537.36" 7ms #11144
[L][17:34:53] GET /js/index.js ::1 http://localhost:8001/ application/x-javascript 200 "Mozilla/5.0 (Macintosh; Intel Mac OS X 10_14_0) AppleWebKit/537.36 (KHTML, like Gecko) Chrome/73.0.3683.75 Safari/537.36" 66ms #11144
[L][17:34:54] GET /favicon.ico ::1 http://localhost:8001/ image/x-icon 200 "Mozilla/5.0 (Macintosh; Intel Mac OS X 10_14_0) AppleWebKit/537.36 (KHTML, like Gecko) Chrome/73.0.3683.75 Safari/537.36" 2ms #11144
[E][17:35:19] The "chunk" argument must be one of type string or Buffer. Received type boolean
TypeError [ERR_INVALID_ARG_TYPE]: The "chunk" argument must be one of type string or Buffer. Received type boolean
    at validChunk (_stream_writable.js:258:10)
    at Gunzip.Writable.write (_stream_writable.js:292:21)
    at Gunzip.Writable.end (_stream_writable.js:579:10)
    at zlibBuffer (zlib.js:89:10)
    at asyncBufferWrapper (zlib.js:703:14)
    at Promise.apply (/Users/Houfeng/my/dev/dn-template-mota-hook/node_modules/q/q.js:1185:26)
    at Promise.promise.promiseDispatch (/Users/Houfeng/my/dev/dn-template-mota-hook/node_modules/q/q.js:808:41)
    at /Users/Houfeng/my/dev/dn-template-mota-hook/node_modules/q/q.js:1411:14
    at runSingle (/Users/Houfeng/my/dev/dn-template-mota-hook/node_modules/q/q.js:137:13)
    at flush (/Users/Houfeng/my/dev/dn-template-mota-hook/node_modules/q/q.js:125:13)
    at process._tickCallback (internal/process/next_tick.js:61:11)

[L][17:35:19] GET /index.html ::1 http://localhost:8001/ text/html 200 "Mozilla/5.0 (Macintosh; Intel Mac OS X 10_14_0) AppleWebKit/537.36 (KHTML, like Gecko) Chrome/73.0.3683.75 Safari/537.36" 9ms #11144
[L][17:35:19] GET /css/index.css ::1 http://localhost:8001/ text/css 200 "Mozilla/5.0 (Macintosh; Intel Mac OS X 10_14_0) AppleWebKit/537.36 (KHTML, like Gecko) Chrome/73.0.3683.75 Safari/537.36" 7ms #11144
[L][17:35:19] GET /js/common.js ::1 http://localhost:8001/ application/x-javascript 200 "Mozilla/5.0 (Macintosh; Intel Mac OS X 10_14_0) AppleWebKit/537.36 (KHTML, like Gecko) Chrome/73.0.3683.75 Safari/537.36" 7ms #11144
[L][17:35:19] GET /js/index.js ::1 http://localhost:8001/ application/x-javascript 200 "Mozilla/5.0 (Macintosh; Intel Mac OS X 10_14_0) AppleWebKit/537.36 (KHTML, like Gecko) Chrome/73.0.3683.75 Safari/537.36" 66ms #11144
[L][17:35:19] GET /favicon.ico ::1 http://localhost:8001/ image/x-icon 200 "Mozilla/5.0 (Macintosh; Intel Mac OS X 10_14_0) AppleWebKit/537.36 (KHTML, like Gecko) Chrome/73.0.3683.75 Safari/537.36" 3ms #11144
[E][17:35:26] The "chunk" argument must be one of type string or Buffer. Received type boolean
TypeError [ERR_INVALID_ARG_TYPE]: The "chunk" argument must be one of type string or Buffer. Received type boolean
    at validChunk (_stream_writable.js:258:10)
    at Gunzip.Writable.write (_stream_writable.js:292:21)
    at Gunzip.Writable.end (_stream_writable.js:579:10)
    at zlibBuffer (zlib.js:89:10)
    at asyncBufferWrapper (zlib.js:703:14)
    at Promise.apply (/Users/Houfeng/my/dev/dn-template-mota-hook/node_modules/q/q.js:1185:26)
    at Promise.promise.promiseDispatch (/Users/Houfeng/my/dev/dn-template-mota-hook/node_modules/q/q.js:808:41)
    at /Users/Houfeng/my/dev/dn-template-mota-hook/node_modules/q/q.js:1411:14
    at runSingle (/Users/Houfeng/my/dev/dn-template-mota-hook/node_modules/q/q.js:137:13)
    at flush (/Users/Houfeng/my/dev/dn-template-mota-hook/node_modules/q/q.js:125:13)
    at process._tickCallback (internal/process/next_tick.js:61:11)

[L][17:35:26] GET /index.html ::1 http://localhost:8001/ text/html 200 "Mozilla/5.0 (Macintosh; Intel Mac OS X 10_14_0) AppleWebKit/537.36 (KHTML, like Gecko) Chrome/73.0.3683.75 Safari/537.36" 6ms #11144
[L][17:35:27] GET /js/common.js ::1 http://localhost:8001/ application/x-javascript 200 "Mozilla/5.0 (Macintosh; Intel Mac OS X 10_14_0) AppleWebKit/537.36 (KHTML, like Gecko) Chrome/73.0.3683.75 Safari/537.36" 6ms #11144
[L][17:35:27] GET /css/index.css ::1 http://localhost:8001/ text/css 200 "Mozilla/5.0 (Macintosh; Intel Mac OS X 10_14_0) AppleWebKit/537.36 (KHTML, like Gecko) Chrome/73.0.3683.75 Safari/537.36" 7ms #11144
[L][17:35:27] GET /js/index.js ::1 http://localhost:8001/ application/x-javascript 200 "Mozilla/5.0 (Macintosh; Intel Mac OS X 10_14_0) AppleWebKit/537.36 (KHTML, like Gecko) Chrome/73.0.3683.75 Safari/537.36" 67ms #11144
[L][17:35:27] GET /favicon.ico ::1 http://localhost:8001/ image/x-icon 200 "Mozilla/5.0 (Macintosh; Intel Mac OS X 10_14_0) AppleWebKit/537.36 (KHTML, like Gecko) Chrome/73.0.3683.75 Safari/537.36" 2ms #11144
[L][17:35:32] GET /css/index.css ::1 http://localhost:8001/ text/css 200 "Mozilla/5.0 (Macintosh; Intel Mac OS X 10_14_0) AppleWebKit/537.36 (KHTML, like Gecko) Chrome/73.0.3683.75 Safari/537.36" 2ms #11144
[L][17:35:32] GET /js/common.js.map ::1 . application/octet-stream 200 "Mozilla/5.0 (Macintosh; Intel Mac OS X 10_14_0) AppleWebKit/537.36 (KHTML, like Gecko) Chrome/73.0.3683.75 Safari/537.36" 4ms #11144
[L][17:35:32] GET /css/index.css.map ::1 . application/octet-stream 200 "Mozilla/5.0 (Macintosh; Intel Mac OS X 10_14_0) AppleWebKit/537.36 (KHTML, like Gecko) Chrome/73.0.3683.75 Safari/537.36" 1ms #11144
[L][17:35:32] GET /js/index.js.map ::1 . application/octet-stream 200 "Mozilla/5.0 (Macintosh; Intel Mac OS X 10_14_0) AppleWebKit/537.36 (KHTML, like Gecko) Chrome/73.0.3683.75 Safari/537.36" 21ms #11144
[E][17:36:04] The "chunk" argument must be one of type string or Buffer. Received type boolean
TypeError [ERR_INVALID_ARG_TYPE]: The "chunk" argument must be one of type string or Buffer. Received type boolean
    at validChunk (_stream_writable.js:258:10)
    at Gunzip.Writable.write (_stream_writable.js:292:21)
    at Gunzip.Writable.end (_stream_writable.js:579:10)
    at zlibBuffer (zlib.js:89:10)
    at asyncBufferWrapper (zlib.js:703:14)
    at Promise.apply (/Users/Houfeng/my/dev/dn-template-mota-hook/node_modules/q/q.js:1185:26)
    at Promise.promise.promiseDispatch (/Users/Houfeng/my/dev/dn-template-mota-hook/node_modules/q/q.js:808:41)
    at /Users/Houfeng/my/dev/dn-template-mota-hook/node_modules/q/q.js:1411:14
    at runSingle (/Users/Houfeng/my/dev/dn-template-mota-hook/node_modules/q/q.js:137:13)
    at flush (/Users/Houfeng/my/dev/dn-template-mota-hook/node_modules/q/q.js:125:13)
    at process._tickCallback (internal/process/next_tick.js:61:11)

[L][17:36:04] GET /index.html ::1 http://localhost:8001/ text/html 200 "Mozilla/5.0 (Macintosh; Intel Mac OS X 10_14_0) AppleWebKit/537.36 (KHTML, like Gecko) Chrome/73.0.3683.75 Safari/537.36" 5ms #11144
[L][17:36:04] GET /js/common.js ::1 http://localhost:8001/ application/x-javascript 200 "Mozilla/5.0 (Macintosh; Intel Mac OS X 10_14_0) AppleWebKit/537.36 (KHTML, like Gecko) Chrome/73.0.3683.75 Safari/537.36" 7ms #11144
[L][17:36:04] GET /css/index.css ::1 http://localhost:8001/ text/css 200 "Mozilla/5.0 (Macintosh; Intel Mac OS X 10_14_0) AppleWebKit/537.36 (KHTML, like Gecko) Chrome/73.0.3683.75 Safari/537.36" 8ms #11144
[L][17:36:04] GET /js/index.js ::1 http://localhost:8001/ application/x-javascript 200 "Mozilla/5.0 (Macintosh; Intel Mac OS X 10_14_0) AppleWebKit/537.36 (KHTML, like Gecko) Chrome/73.0.3683.75 Safari/537.36" 68ms #11144
[L][17:36:04] GET /js/common.js.map ::1 . application/octet-stream 200 "Mozilla/5.0 (Macintosh; Intel Mac OS X 10_14_0) AppleWebKit/537.36 (KHTML, like Gecko) Chrome/73.0.3683.75 Safari/537.36" 2ms #11144
[L][17:36:04] GET /css/index.css.map ::1 . application/octet-stream 200 "Mozilla/5.0 (Macintosh; Intel Mac OS X 10_14_0) AppleWebKit/537.36 (KHTML, like Gecko) Chrome/73.0.3683.75 Safari/537.36" 2ms #11144
[L][17:36:04] GET /js/index.js.map ::1 . application/octet-stream 200 "Mozilla/5.0 (Macintosh; Intel Mac OS X 10_14_0) AppleWebKit/537.36 (KHTML, like Gecko) Chrome/73.0.3683.75 Safari/537.36" 11ms #11144
[L][17:36:04] GET /favicon.ico ::1 http://localhost:8001/ image/x-icon 200 "Mozilla/5.0 (Macintosh; Intel Mac OS X 10_14_0) AppleWebKit/537.36 (KHTML, like Gecko) Chrome/73.0.3683.75 Safari/537.36" 2ms #11144
[E][17:37:20] The "chunk" argument must be one of type string or Buffer. Received type boolean
TypeError [ERR_INVALID_ARG_TYPE]: The "chunk" argument must be one of type string or Buffer. Received type boolean
    at validChunk (_stream_writable.js:258:10)
    at Gunzip.Writable.write (_stream_writable.js:292:21)
    at Gunzip.Writable.end (_stream_writable.js:579:10)
    at zlibBuffer (zlib.js:89:10)
    at asyncBufferWrapper (zlib.js:703:14)
    at Promise.apply (/Users/Houfeng/my/dev/dn-template-mota-hook/node_modules/q/q.js:1185:26)
    at Promise.promise.promiseDispatch (/Users/Houfeng/my/dev/dn-template-mota-hook/node_modules/q/q.js:808:41)
    at /Users/Houfeng/my/dev/dn-template-mota-hook/node_modules/q/q.js:1411:14
    at runSingle (/Users/Houfeng/my/dev/dn-template-mota-hook/node_modules/q/q.js:137:13)
    at flush (/Users/Houfeng/my/dev/dn-template-mota-hook/node_modules/q/q.js:125:13)
    at process._tickCallback (internal/process/next_tick.js:61:11)

[L][17:37:20] GET /index.html ::1 http://localhost:8001/ text/html 200 "Mozilla/5.0 (Macintosh; Intel Mac OS X 10_14_0) AppleWebKit/537.36 (KHTML, like Gecko) Chrome/73.0.3683.75 Safari/537.36" 9ms #11144
[L][17:37:20] GET /css/index.css ::1 http://localhost:8001/ text/css 200 "Mozilla/5.0 (Macintosh; Intel Mac OS X 10_14_0) AppleWebKit/537.36 (KHTML, like Gecko) Chrome/73.0.3683.75 Safari/537.36" 8ms #11144
[L][17:37:20] GET /js/common.js ::1 http://localhost:8001/ application/x-javascript 200 "Mozilla/5.0 (Macintosh; Intel Mac OS X 10_14_0) AppleWebKit/537.36 (KHTML, like Gecko) Chrome/73.0.3683.75 Safari/537.36" 8ms #11144
[L][17:37:20] GET /js/index.js ::1 http://localhost:8001/ application/x-javascript 200 "Mozilla/5.0 (Macintosh; Intel Mac OS X 10_14_0) AppleWebKit/537.36 (KHTML, like Gecko) Chrome/73.0.3683.75 Safari/537.36" 75ms #11144
[L][17:37:20] GET /js/common.js.map ::1 . application/octet-stream 200 "Mozilla/5.0 (Macintosh; Intel Mac OS X 10_14_0) AppleWebKit/537.36 (KHTML, like Gecko) Chrome/73.0.3683.75 Safari/537.36" 2ms #11144
[L][17:37:20] GET /css/index.css.map ::1 . application/octet-stream 200 "Mozilla/5.0 (Macintosh; Intel Mac OS X 10_14_0) AppleWebKit/537.36 (KHTML, like Gecko) Chrome/73.0.3683.75 Safari/537.36" 2ms #11144
[L][17:37:20] GET /js/index.js.map ::1 . application/octet-stream 200 "Mozilla/5.0 (Macintosh; Intel Mac OS X 10_14_0) AppleWebKit/537.36 (KHTML, like Gecko) Chrome/73.0.3683.75 Safari/537.36" 14ms #11144
[E][17:37:22] The "chunk" argument must be one of type string or Buffer. Received type boolean
TypeError [ERR_INVALID_ARG_TYPE]: The "chunk" argument must be one of type string or Buffer. Received type boolean
    at validChunk (_stream_writable.js:258:10)
    at Gunzip.Writable.write (_stream_writable.js:292:21)
    at Gunzip.Writable.end (_stream_writable.js:579:10)
    at zlibBuffer (zlib.js:89:10)
    at asyncBufferWrapper (zlib.js:703:14)
    at Promise.apply (/Users/Houfeng/my/dev/dn-template-mota-hook/node_modules/q/q.js:1185:26)
    at Promise.promise.promiseDispatch (/Users/Houfeng/my/dev/dn-template-mota-hook/node_modules/q/q.js:808:41)
    at /Users/Houfeng/my/dev/dn-template-mota-hook/node_modules/q/q.js:1411:14
    at runSingle (/Users/Houfeng/my/dev/dn-template-mota-hook/node_modules/q/q.js:137:13)
    at flush (/Users/Houfeng/my/dev/dn-template-mota-hook/node_modules/q/q.js:125:13)
    at process._tickCallback (internal/process/next_tick.js:61:11)

[L][17:37:22] GET /index.html ::1 http://localhost:8001/ text/html 200 "Mozilla/5.0 (Macintosh; Intel Mac OS X 10_14_0) AppleWebKit/537.36 (KHTML, like Gecko) Chrome/73.0.3683.75 Safari/537.36" 4ms #11144
[L][17:37:22] GET /js/common.js ::1 http://localhost:8001/ application/x-javascript 200 "Mozilla/5.0 (Macintosh; Intel Mac OS X 10_14_0) AppleWebKit/537.36 (KHTML, like Gecko) Chrome/73.0.3683.75 Safari/537.36" 5ms #11144
[L][17:37:22] GET /css/index.css ::1 http://localhost:8001/ text/css 200 "Mozilla/5.0 (Macintosh; Intel Mac OS X 10_14_0) AppleWebKit/537.36 (KHTML, like Gecko) Chrome/73.0.3683.75 Safari/537.36" 7ms #11144
[L][17:37:22] GET /js/index.js ::1 http://localhost:8001/ application/x-javascript 200 "Mozilla/5.0 (Macintosh; Intel Mac OS X 10_14_0) AppleWebKit/537.36 (KHTML, like Gecko) Chrome/73.0.3683.75 Safari/537.36" 69ms #11144
[L][17:37:22] GET /js/common.js.map ::1 . application/octet-stream 200 "Mozilla/5.0 (Macintosh; Intel Mac OS X 10_14_0) AppleWebKit/537.36 (KHTML, like Gecko) Chrome/73.0.3683.75 Safari/537.36" 2ms #11144
[L][17:37:22] GET /css/index.css.map ::1 . application/octet-stream 200 "Mozilla/5.0 (Macintosh; Intel Mac OS X 10_14_0) AppleWebKit/537.36 (KHTML, like Gecko) Chrome/73.0.3683.75 Safari/537.36" 2ms #11144
[L][17:37:22] GET /js/index.js.map ::1 . application/octet-stream 200 "Mozilla/5.0 (Macintosh; Intel Mac OS X 10_14_0) AppleWebKit/537.36 (KHTML, like Gecko) Chrome/73.0.3683.75 Safari/537.36" 17ms #11144
[L][17:37:22] GET /favicon.ico ::1 http://localhost:8001/ image/x-icon 200 "Mozilla/5.0 (Macintosh; Intel Mac OS X 10_14_0) AppleWebKit/537.36 (KHTML, like Gecko) Chrome/73.0.3683.75 Safari/537.36" 2ms #11144
[E][17:39:22] The "chunk" argument must be one of type string or Buffer. Received type boolean
TypeError [ERR_INVALID_ARG_TYPE]: The "chunk" argument must be one of type string or Buffer. Received type boolean
    at validChunk (_stream_writable.js:258:10)
    at Gunzip.Writable.write (_stream_writable.js:292:21)
    at Gunzip.Writable.end (_stream_writable.js:579:10)
    at zlibBuffer (zlib.js:89:10)
    at asyncBufferWrapper (zlib.js:703:14)
    at Promise.apply (/Users/Houfeng/my/dev/dn-template-mota-hook/node_modules/q/q.js:1185:26)
    at Promise.promise.promiseDispatch (/Users/Houfeng/my/dev/dn-template-mota-hook/node_modules/q/q.js:808:41)
    at /Users/Houfeng/my/dev/dn-template-mota-hook/node_modules/q/q.js:1411:14
    at runSingle (/Users/Houfeng/my/dev/dn-template-mota-hook/node_modules/q/q.js:137:13)
    at flush (/Users/Houfeng/my/dev/dn-template-mota-hook/node_modules/q/q.js:125:13)
    at process._tickCallback (internal/process/next_tick.js:61:11)

[L][17:39:22] GET /index.html ::1 http://localhost:8001/ text/html 200 "Mozilla/5.0 (Macintosh; Intel Mac OS X 10_14_0) AppleWebKit/537.36 (KHTML, like Gecko) Chrome/73.0.3683.75 Safari/537.36" 7ms #11144
[L][17:39:22] GET /js/common.js ::1 http://localhost:8001/ application/x-javascript 200 "Mozilla/5.0 (Macintosh; Intel Mac OS X 10_14_0) AppleWebKit/537.36 (KHTML, like Gecko) Chrome/73.0.3683.75 Safari/537.36" 10ms #11144
[L][17:39:22] GET /css/index.css ::1 http://localhost:8001/ text/css 200 "Mozilla/5.0 (Macintosh; Intel Mac OS X 10_14_0) AppleWebKit/537.36 (KHTML, like Gecko) Chrome/73.0.3683.75 Safari/537.36" 13ms #11144
[L][17:39:22] GET /js/index.js ::1 http://localhost:8001/ application/x-javascript 200 "Mozilla/5.0 (Macintosh; Intel Mac OS X 10_14_0) AppleWebKit/537.36 (KHTML, like Gecko) Chrome/73.0.3683.75 Safari/537.36" 82ms #11144
[L][17:39:22] GET /js/common.js.map ::1 . application/octet-stream 200 "Mozilla/5.0 (Macintosh; Intel Mac OS X 10_14_0) AppleWebKit/537.36 (KHTML, like Gecko) Chrome/73.0.3683.75 Safari/537.36" 2ms #11144
[L][17:39:22] GET /css/index.css.map ::1 . application/octet-stream 200 "Mozilla/5.0 (Macintosh; Intel Mac OS X 10_14_0) AppleWebKit/537.36 (KHTML, like Gecko) Chrome/73.0.3683.75 Safari/537.36" 1ms #11144
[L][17:39:22] GET /js/index.js.map ::1 . application/octet-stream 200 "Mozilla/5.0 (Macintosh; Intel Mac OS X 10_14_0) AppleWebKit/537.36 (KHTML, like Gecko) Chrome/73.0.3683.75 Safari/537.36" 15ms #11144
